<?xml version="1.0" encoding="UTF-8"?>
<testsuite name="com.dodopizza.payment.card.validator.CardNumberValidatorTest" tests="1" skipped="0" failures="0" errors="0" timestamp="2019-03-06T14:14:05" hostname="MacBook-Pro-Kamil.local" time="0.015">
  <properties/>
  <testcase name="isValidCardNumber" classname="com.dodopizza.payment.card.validator.CardNumberValidatorTest" time="0.015"/>
  <system-out><![CDATA[]]></system-out>
  <system-err><![CDATA[]]></system-err>
</testsuite>
